[debug] [2022-08-03T18:59:56.611Z] ----------------------------------------------------------------------
[debug] [2022-08-03T18:59:56.613Z] Command:       C:\Program Files\nodejs\node.exe C:\Users\USER\AppData\Roaming\npm\node_modules\firebase-tools\lib\bin\firebase.js init hosting
[debug] [2022-08-03T18:59:56.614Z] CLI Version:   11.4.2
[debug] [2022-08-03T18:59:56.614Z] Platform:      win32
[debug] [2022-08-03T18:59:56.614Z] Node Version:  v16.15.0
[debug] [2022-08-03T18:59:56.615Z] Time:          Wed Aug 03 2022 21:59:56 GMT+0300 (East Africa Time)
[debug] [2022-08-03T18:59:56.615Z] ----------------------------------------------------------------------
[debug] 
[debug] [2022-08-03T18:59:56.618Z] >>> [apiv2][query] GET https://firebase-public.firebaseio.com/cli.json [none]
[debug] [2022-08-03T18:59:56.640Z] > command requires scopes: ["email","openid","https://www.googleapis.com/auth/cloudplatformprojects.readonly","https://www.googleapis.com/auth/firebase","https://www.googleapis.com/auth/cloud-platform"]
[debug] [2022-08-03T18:59:56.640Z] > authorizing via signed-in user (12keysjams@gmail.com)
[info] 
     ######## #### ########  ######## ########     ###     ######  ########
     ##        ##  ##     ## ##       ##     ##  ##   ##  ##       ##
     ######    ##  ########  ######   ########  #########  ######  ######
     ##        ##  ##    ##  ##       ##     ## ##     ##       ## ##
     ##       #### ##     ## ######## ########  ##     ##  ######  ########

You're about to initialize a Firebase project in this directory:

  E:\WeatherApp\weatherapp-clone

[debug] [2022-08-03T18:59:57.352Z] <<< [apiv2][status] GET https://firebase-public.firebaseio.com/cli.json 200
[debug] [2022-08-03T18:59:57.353Z] <<< [apiv2][body] GET https://firebase-public.firebaseio.com/cli.json {"cloudBuildErrorAfter":1594252800000,"cloudBuildWarnAfter":1590019200000,"defaultNode10After":1594252800000,"minVersion":"3.0.5","node8DeploysDisabledAfter":1613390400000,"node8RuntimeDisabledAfter":1615809600000,"node8WarnAfter":1600128000000}
[info] 
=== Project Setup
[info] 
[info] First, let's associate this project directory with a Firebase project.
[info] You can create multiple project aliases by running firebase use --add, 
[info] but for now we'll just set up a default project.
[info] 
[debug] [2022-08-03T19:00:03.638Z] > refreshing access token with scopes: []
[debug] [2022-08-03T19:00:03.639Z] >>> [apiv2][query] POST https://www.googleapis.com/oauth2/v3/token [none]
[debug] [2022-08-03T19:00:03.639Z] >>> [apiv2][body] POST https://www.googleapis.com/oauth2/v3/token [omitted]
[debug] [2022-08-03T19:00:04.118Z] <<< [apiv2][status] POST https://www.googleapis.com/oauth2/v3/token 200
[debug] [2022-08-03T19:00:04.119Z] <<< [apiv2][body] POST https://www.googleapis.com/oauth2/v3/token [omitted]
[debug] [2022-08-03T19:00:04.228Z] >>> [apiv2][query] GET https://firebase.googleapis.com/v1beta1/projects pageSize=100
[debug] [2022-08-03T19:00:05.214Z] <<< [apiv2][status] GET https://firebase.googleapis.com/v1beta1/projects 200
[debug] [2022-08-03T19:00:05.215Z] <<< [apiv2][body] GET https://firebase.googleapis.com/v1beta1/projects [omitted]
[info] i  Using project simplifiedweatherapp (SimplifiedweatherApp) 
[info] 
=== Hosting Setup
[info] 
[info] Your public directory is the folder (relative to your project directory) that
[info] will contain Hosting assets to be uploaded with firebase deploy. If you
[info] have a build process for your assets, use your build's output directory.
[info] 
[info] +  Wrote build/404.html 
[debug] [2022-08-03T19:00:50.245Z] >>> [apiv2][query] GET https://www.gstatic.com/firebasejs/releases.json [none]
[debug] [2022-08-03T19:00:50.588Z] <<< [apiv2][status] GET https://www.gstatic.com/firebasejs/releases.json 200
[debug] [2022-08-03T19:00:50.589Z] <<< [apiv2][body] GET https://www.gstatic.com/firebasejs/releases.json {"current":{"version":"9.9.1","browserURL":"https://www.gstatic.com/firebasejs/9.9.1/firebase.js","packageURL":"https://www.gstatic.com/firebasejs/9.9.1/firebase.tgz"},"live":{"version":"9.9","browserURL":"https://www.gstatic.com/firebasejs/live/9.9/firebase.js","packageURL":"https://www.gstatic.com/firebasejs/live/9.9/firebase.tgz"},"components":{"analytics":"https://www.gstatic.com/firebasejs/9.9.1/firebase-analytics.js","app":"https://www.gstatic.com/firebasejs/9.9.1/firebase-app.js","app-check":"https://www.gstatic.com/firebasejs/9.9.1/firebase-app-check.js","auth":"https://www.gstatic.com/firebasejs/9.9.1/firebase-auth.js","auth/cordova":"https://www.gstatic.com/firebasejs/9.9.1/firebase-auth/cordova.js","auth/react-native":"https://www.gstatic.com/firebasejs/9.9.1/firebase-auth/react-native.js","functions":"https://www.gstatic.com/firebasejs/9.9.1/firebase-functions.js","firestore":"https://www.gstatic.com/firebasejs/9.9.1/firebase-firestore.js","firestore/lite":"https://www.gstatic.com/firebasejs/9.9.1/firebase-firestore/lite.js","installations":"https://www.gstatic.com/firebasejs/9.9.1/firebase-installations.js","storage":"https://www.gstatic.com/firebasejs/9.9.1/firebase-storage.js","performance":"https://www.gstatic.com/firebasejs/9.9.1/firebase-performance.js","remote-config":"https://www.gstatic.com/firebasejs/9.9.1/firebase-remote-config.js","messaging":"https://www.gstatic.com/firebasejs/9.9.1/firebase-messaging.js","messaging/sw":"https://www.gstatic.com/firebasejs/9.9.1/firebase-messaging/sw.js","database":"https://www.gstatic.com/firebasejs/9.9.1/firebase-database.js","firestore.memory":"https://www.gstatic.com/firebasejs/9.9.1/firebase-firestore.memory.js"}}
[info] +  Wrote build/index.html 
[info] 
[info] i  Detected a .git folder at E:\WeatherApp\weatherapp-clone 
[info] i  Authorizing with GitHub to upload your service account to a GitHub repository's secrets store. 
[info] 
[info] Visit this URL on this device to log in:
[info] https://github.com/login/oauth/authorize?client_id=89cf50f02ac6aaed3484&state=411024004&redirect_uri=http%3A%2F%2Flocalhost%3A9005&scope=read%3Auser%20repo%20public_repo
[info] 
[info] Waiting for authentication...
[debug] [2022-08-03T19:00:56.471Z] >>> [apiv2][query] POST https://github.com/login/oauth/access_token [none]
[debug] [2022-08-03T19:00:56.472Z] >>> [apiv2][body] POST https://github.com/login/oauth/access_token [stream]
[debug] [2022-08-03T19:00:57.320Z] <<< [apiv2][status] POST https://github.com/login/oauth/access_token 200
[debug] [2022-08-03T19:00:57.320Z] <<< [apiv2][body] POST https://github.com/login/oauth/access_token {"access_token":"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","token_type":"bearer","scope":"read:user,repo"}
[debug] [2022-08-03T19:00:57.328Z] >>> [apiv2][query] GET https://api.github.com/user [none]
[debug] [2022-08-03T19:00:58.251Z] <<< [apiv2][status] GET https://api.github.com/user 200
[debug] [2022-08-03T19:00:58.252Z] <<< [apiv2][body] GET https://api.github.com/user {"login":"zacheys123","id":105823151,"node_id":"U_kgDOBk67rw","avatar_url":"https://avatars.githubusercontent.com/u/105823151?v=4","gravatar_id":"","url":"https://api.github.com/users/zacheys123","html_url":"https://github.com/zacheys123","followers_url":"https://api.github.com/users/zacheys123/followers","following_url":"https://api.github.com/users/zacheys123/following{/other_user}","gists_url":"https://api.github.com/users/zacheys123/gists{/gist_id}","starred_url":"https://api.github.com/users/zacheys123/starred{/owner}{/repo}","subscriptions_url":"https://api.github.com/users/zacheys123/subscriptions","organizations_url":"https://api.github.com/users/zacheys123/orgs","repos_url":"https://api.github.com/users/zacheys123/repos","events_url":"https://api.github.com/users/zacheys123/events{/privacy}","received_events_url":"https://api.github.com/users/zacheys123/received_events","type":"User","site_admin":false,"name":null,"company":null,"blog":"","location":null,"email":null,"hireable":null,"bio":null,"twitter_username":null,"public_repos":13,"public_gists":0,"followers":0,"following":0,"created_at":"2022-05-18T21:07:35Z","updated_at":"2022-07-14T06:40:02Z","private_gists":0,"total_private_repos":0,"owned_private_repos":0,"disk_usage":157412,"collaborators":0,"two_factor_authentication":false,"plan":{"name":"free","space":976562499,"collaborators":0,"private_repos":10000}}
[info] 
[info] +  Success! Logged into GitHub as zacheys123 
[info] 
